<?xml version="1.0" encoding="UTF-8"?>
<testng-results skipped="0" failed="0" ignored="0" total="0" passed="0">
  <reporter-output>
  </reporter-output>
  <suite name="trendyol.web.tests.CheckBoutiquesTest" duration-ms="5" started-at="2020-11-08T14:56:24 EET" finished-at="2020-11-08T14:56:24 EET">
    <groups>
    </groups>
    <test name="Command line test" duration-ms="5" started-at="2020-11-08T14:56:24 EET" finished-at="2020-11-08T14:56:24 EET">
    </test> <!-- Command line test -->
  </suite> <!-- trendyol.web.tests.CheckBoutiquesTest -->
</testng-results>
